[2025-10-24T11:52:51+00:00] auth.check | {"provided":"yes"}
[2025-10-24T11:52:51+00:00] auth.ok | {"remote":"::1"}
[2025-10-24T11:52:51+00:00] request | {"method":"GET","path":"","qs":[]}
[2025-10-24T11:53:16+00:00] auth.check | {"provided":"yes"}
[2025-10-24T11:53:16+00:00] auth.ok | {"remote":"::1"}
[2025-10-24T11:53:16+00:00] request | {"method":"GET","path":"","qs":[]}
[2025-10-24T12:01:22+00:00] auth.check | {"provided":"yes"}
[2025-10-24T12:01:22+00:00] auth.ok | {"remote":"::1"}
[2025-10-24T12:01:22+00:00] request | {"method":"GET","path":"","qs":[]}
[2025-10-24T12:02:37+00:00] auth.check | {"provided":"yes"}
[2025-10-24T12:02:37+00:00] auth.ok | {"remote":"::1"}
[2025-10-24T12:02:37+00:00] request | {"method":"GET","path":"","qs":[]}
[2025-10-24T12:05:19+00:00] auth.check | {"provided":"yes"}
[2025-10-24T12:05:19+00:00] auth.ok | {"remote":"::1"}
[2025-10-24T12:05:19+00:00] request | {"method":"GET","path":"","qs":[]}
[2025-10-24T12:09:30+00:00] auth.check | {"provided":"yes"}
[2025-10-24T12:09:30+00:00] auth.ok | {"remote":"::1"}
[2025-10-24T12:09:30+00:00] debug.path | {"raw_uri":"/vtiger-gpm/api/","parsed_path":""}
[2025-10-24T12:09:30+00:00] request | {"method":"GET","path":"","qs":[]}
[2025-10-24T12:11:19+00:00] auth.check | {"provided":"yes"}
[2025-10-24T12:11:19+00:00] auth.ok | {"remote":"::1"}
[2025-10-24T12:11:19+00:00] debug.path | {"raw_uri":"/vtiger-gpm/api/","parsed_path":""}
[2025-10-24T12:11:19+00:00] request | {"method":"GET","path":"","qs":[]}
[2025-10-24T12:12:48+00:00] auth.check | {"provided":"yes"}
[2025-10-24T12:12:48+00:00] auth.ok | {"remote":"::1"}
[2025-10-24T12:12:48+00:00] debug.path | {"raw_uri":"/vtiger-gpm/api/","parsed_path":""}
[2025-10-24T12:12:48+00:00] request | {"method":"GET","path":"","qs":[]}
[2025-10-24T12:13:03+00:00] auth.check | {"provided":"yes"}
[2025-10-24T12:13:03+00:00] auth.ok | {"remote":"::1"}
[2025-10-24T12:13:03+00:00] debug.path | {"raw_uri":"/vtiger-gpm/api/","parsed_path":""}
[2025-10-24T12:13:03+00:00] request | {"method":"GET","path":"","qs":[]}
[2025-10-24T12:13:04+00:00] auth.check | {"provided":"yes"}
[2025-10-24T12:13:04+00:00] auth.ok | {"remote":"::1"}
[2025-10-24T12:13:04+00:00] debug.path | {"raw_uri":"/vtiger-gpm/api/","parsed_path":""}
[2025-10-24T12:13:04+00:00] request | {"method":"GET","path":"","qs":[]}
[2025-10-24T12:13:05+00:00] auth.check | {"provided":"yes"}
[2025-10-24T12:13:05+00:00] auth.ok | {"remote":"::1"}
[2025-10-24T12:13:05+00:00] debug.path | {"raw_uri":"/vtiger-gpm/api/","parsed_path":""}
[2025-10-24T12:13:05+00:00] request | {"method":"GET","path":"","qs":[]}
[2025-10-24T12:19:30+00:00] auth.check | {"provided":"yes"}
[2025-10-24T12:19:30+00:00] auth.ok | {"remote":"::1"}
[2025-10-24T12:19:30+00:00] request | {"method":"GET","path":"","segments":[],"qs":[]}
[2025-10-24T12:19:31+00:00] auth.check | {"provided":"yes"}
[2025-10-24T12:19:31+00:00] auth.ok | {"remote":"::1"}
[2025-10-24T12:19:31+00:00] request | {"method":"GET","path":"","segments":[],"qs":[]}
[2025-10-24T12:22:20+00:00] auth.check | {"provided":"yes"}
[2025-10-24T12:22:20+00:00] auth.ok | {"remote":"::1"}
[2025-10-24T12:22:20+00:00] request | {"method":"GET","path":"assets","segments":["assets"],"qs":[]}
[2025-10-24T12:22:22+00:00] auth.check | {"provided":"yes"}
[2025-10-24T12:22:22+00:00] auth.ok | {"remote":"::1"}
[2025-10-24T12:22:22+00:00] request | {"method":"GET","path":"assets","segments":["assets"],"qs":[]}
[2025-10-24T12:23:17+00:00] auth.check | {"provided":"yes"}
[2025-10-24T12:23:17+00:00] auth.ok | {"remote":"::1"}
[2025-10-24T12:23:17+00:00] request | {"method":"GET","path":"assets","qs":[]}
[2025-10-24T12:23:17+00:00] handler.exception | {"err":"Call to undefined method Metals::getAll()"}
[2025-10-24T12:25:25+00:00] auth.check | {"provided":"yes"}
[2025-10-24T12:25:25+00:00] auth.ok | {"remote":"::1"}
[2025-10-24T12:25:25+00:00] request | {"method":"GET","path":"assets","qs":[]}
[2025-10-24T12:30:31+00:00] auth.check | {"provided":"yes"}
[2025-10-24T12:30:31+00:00] auth.ok | {"remote":"::1"}
[2025-10-24T12:30:31+00:00] request | {"method":"GET","path":"assets","qs":[]}
[2025-10-24T12:30:31+00:00] sql.select.metals | {"sql":"SELECT * FROM vtiger_metals ORDER BY metalsid DESC LIMIT ? OFFSET ?","params":[50,0]}
[2025-10-24T12:30:57+00:00] auth.check | {"provided":"yes"}
[2025-10-24T12:30:57+00:00] auth.ok | {"remote":"::1"}
[2025-10-24T12:30:57+00:00] request | {"method":"GET","path":"assets","qs":[]}
[2025-10-24T12:30:57+00:00] sql.select.metals | {"sql":"SELECT * FROM vtiger_metals ORDER BY metalsid DESC LIMIT ? OFFSET ?","params":[50,0]}
[2025-10-24T12:31:23+00:00] auth.check | {"provided":"yes"}
[2025-10-24T12:31:23+00:00] auth.ok | {"remote":"::1"}
[2025-10-24T12:31:23+00:00] request | {"method":"GET","path":"assets","qs":[]}
[2025-10-24T12:31:23+00:00] sql.select.metals | {"sql":"SELECT * FROM vtiger_metals ORDER BY metalsid DESC LIMIT ? OFFSET ?","params":[5,0]}
